{"total": {"lines":{"total":290,"covered":263,"skipped":0,"pct":90.69},"statements":{"total":324,"covered":292,"skipped":0,"pct":90.12},"functions":{"total":67,"covered":58,"skipped":0,"pct":86.57},"branches":{"total":107,"covered":80,"skipped":0,"pct":74.77}}
,"/home/runner/work/yadd/yadd/server/src/index.ts": {"lines":{"total":18,"covered":18,"skipped":0,"pct":100},"functions":{"total":2,"covered":2,"skipped":0,"pct":100},"statements":{"total":20,"covered":20,"skipped":0,"pct":100},"branches":{"total":1,"covered":1,"skipped":0,"pct":100}}
,"/home/runner/work/yadd/yadd/server/src/controllers/cron-jobs.ts": {"lines":{"total":18,"covered":7,"skipped":0,"pct":38.89},"functions":{"total":8,"covered":2,"skipped":0,"pct":25},"statements":{"total":23,"covered":8,"skipped":0,"pct":34.78},"branches":{"total":4,"covered":0,"skipped":0,"pct":0}}
,"/home/runner/work/yadd/yadd/server/src/db/config.schema.ts": {"lines":{"total":43,"covered":40,"skipped":0,"pct":93.02},"functions":{"total":11,"covered":11,"skipped":0,"pct":100},"statements":{"total":48,"covered":45,"skipped":0,"pct":93.75},"branches":{"total":12,"covered":6,"skipped":0,"pct":50}}
,"/home/runner/work/yadd/yadd/server/src/db/services.schema.ts": {"lines":{"total":105,"covered":105,"skipped":0,"pct":100},"functions":{"total":22,"covered":22,"skipped":0,"pct":100},"statements":{"total":116,"covered":116,"skipped":0,"pct":100},"branches":{"total":20,"covered":17,"skipped":0,"pct":85}}
,"/home/runner/work/yadd/yadd/server/src/db/sql.connection.ts": {"lines":{"total":6,"covered":6,"skipped":0,"pct":100},"functions":{"total":0,"covered":0,"skipped":0,"pct":100},"statements":{"total":6,"covered":6,"skipped":0,"pct":100},"branches":{"total":0,"covered":0,"skipped":0,"pct":100}}
,"/home/runner/work/yadd/yadd/server/src/routes/api.route.ts": {"lines":{"total":69,"covered":57,"skipped":0,"pct":82.61},"functions":{"total":17,"covered":15,"skipped":0,"pct":88.24},"statements":{"total":78,"covered":65,"skipped":0,"pct":83.33},"branches":{"total":57,"covered":44,"skipped":0,"pct":77.19}}
,"/home/runner/work/yadd/yadd/server/src/routes/index.ts": {"lines":{"total":7,"covered":7,"skipped":0,"pct":100},"functions":{"total":0,"covered":0,"skipped":0,"pct":100},"statements":{"total":7,"covered":7,"skipped":0,"pct":100},"branches":{"total":0,"covered":0,"skipped":0,"pct":100}}
,"/home/runner/work/yadd/yadd/server/src/routes/root.route.ts": {"lines":{"total":17,"covered":16,"skipped":0,"pct":94.12},"functions":{"total":4,"covered":3,"skipped":0,"pct":75},"statements":{"total":19,"covered":18,"skipped":0,"pct":94.74},"branches":{"total":6,"covered":5,"skipped":0,"pct":83.33}}
,"/home/runner/work/yadd/yadd/server/src/routes/route.utils.ts": {"lines":{"total":7,"covered":7,"skipped":0,"pct":100},"functions":{"total":3,"covered":3,"skipped":0,"pct":100},"statements":{"total":7,"covered":7,"skipped":0,"pct":100},"branches":{"total":7,"covered":7,"skipped":0,"pct":100}}
}
